<?xml version="1.0" encoding="UTF-8"?>
<!-- Generated by org.testng.reporters.JUnitXMLReporter -->
<testsuite hostname="DESKTOP-2U1U82B" ignored="0" name="cc Test" tests="4" failures="0" timestamp="01 Dec 2023 10:13:56 GMT" time="0.126" errors="0">
  <testcase name="dash" time="0.032" classname="com.test.TestNgEx"/>
  <testcase name="login" time="0.003" classname="com.test.TestNgEx"/>
  <testcase name="logout" time="0.009" classname="com.test.TestNgEx"/>
  <testcase name="user" time="0.002" classname="com.test.TestNgEx"/>
</testsuite> <!-- cc Test -->
